<?xml version="1.0" encoding="UTF-8"?>
<!-- Generated by org.testng.reporters.JUnitXMLReporter -->
<testsuite hostname="LAPTOP-S0433K5K" ignored="0" name="Default test" tests="6" failures="0" timestamp="2021-12-09T13:15:42 IST" time="4.379" errors="0">
  <testcase name="@BeforeClass setUp" time="4.301" classname="com.test.GoogleTest">
    <failure type="org.openqa.selenium.SessionNotCreatedException" message="session not created: This version of ChromeDriver only supports Chrome version 90
Current browser version is 96.0.4664.45 with binary path C:\Program Files (x86)\Google\Chrome\Application\chrome.exe
Build info: version: &amp;apos;3.141.59&amp;apos;, revision: &amp;apos;e82be7d358&amp;apos;, time: &amp;apos;2018-11-14T08:25:48&amp;apos;
System info: host: &amp;apos;LAPTOP-S0433K5K&amp;apos;, ip: &amp;apos;192.168.0.107&amp;apos;, os.name: &amp;apos;Windows 8.1&amp;apos;, os.arch: &amp;apos;amd64&amp;apos;, os.version: &amp;apos;6.3&amp;apos;, java.version: &amp;apos;1.8.0_25&amp;apos;
Driver info: driver.version: ChromeDriver
remote stacktrace: Backtrace:
	Ordinal0 [0x0042C013+2474003]
	Ordinal0 [0x003C29C1+2042305]
	Ordinal0 [0x002D2F68+1060712]
	Ordinal0 [0x002F188E+1185934]
	Ordinal0 [0x002ED600+1168896]
	Ordinal0 [0x002EAA83+1157763]
	Ordinal0 [0x0031A2A2+1352354]
	Ordinal0 [0x00318FAA+1347498]
	Ordinal0 [0x003166DB+1337051]
	Ordinal0 [0x002F3427+1192999]
	Ordinal0 [0x002F42EE+1196782]
	Ordinal0 [0x002F4279+1196665]
	GetHandleVerifier [0x005B96FC+1590332]
	GetHandleVerifier [0x00668614+2306900]
	GetHandleVerifier [0x004B9E93+543699]
	GetHandleVerifier [0x004B92CE+540686]
	Ordinal0 [0x003C86BA+2066106]
	Ordinal0 [0x003CD1C8+2085320]
	Ordinal0 [0x003CD308+2085640]
	Ordinal0 [0x003D67F3+2123763]
	BaseThreadInitThunk [0x7666FA29+25]
	RtlGetAppContainerNamedObjectPath [0x77197A9E+286]
	RtlGetAppContainerNamedObjectPath [0x77197A6E+238]
">
      <![CDATA[org.openqa.selenium.SessionNotCreatedException: session not created: This version of ChromeDriver only supports Chrome version 90
Current browser version is 96.0.4664.45 with binary path C:\Program Files (x86)\Google\Chrome\Application\chrome.exe
Build info: version: '3.141.59', revision: 'e82be7d358', time: '2018-11-14T08:25:48'
System info: host: 'LAPTOP-S0433K5K', ip: '192.168.0.107', os.name: 'Windows 8.1', os.arch: 'amd64', os.version: '6.3', java.version: '1.8.0_25'
Driver info: driver.version: ChromeDriver
remote stacktrace: Backtrace:
Ordinal0 [0x0042C013+2474003]
Ordinal0 [0x003C29C1+2042305]
Ordinal0 [0x002D2F68+1060712]
Ordinal0 [0x002F188E+1185934]
Ordinal0 [0x002ED600+1168896]
Ordinal0 [0x002EAA83+1157763]
Ordinal0 [0x0031A2A2+1352354]
Ordinal0 [0x00318FAA+1347498]
Ordinal0 [0x003166DB+1337051]
Ordinal0 [0x002F3427+1192999]
Ordinal0 [0x002F42EE+1196782]
Ordinal0 [0x002F4279+1196665]
GetHandleVerifier [0x005B96FC+1590332]
GetHandleVerifier [0x00668614+2306900]
GetHandleVerifier [0x004B9E93+543699]
GetHandleVerifier [0x004B92CE+540686]
Ordinal0 [0x003C86BA+2066106]
Ordinal0 [0x003CD1C8+2085320]
Ordinal0 [0x003CD308+2085640]
Ordinal0 [0x003D67F3+2123763]
BaseThreadInitThunk [0x7666FA29+25]
RtlGetAppContainerNamedObjectPath [0x77197A9E+286]
RtlGetAppContainerNamedObjectPath [0x77197A6E+238]

at sun.reflect.NativeConstructorAccessorImpl.newInstance0(Native Method)
at sun.reflect.NativeConstructorAccessorImpl.newInstance(NativeConstructorAccessorImpl.java:62)
at sun.reflect.DelegatingConstructorAccessorImpl.newInstance(DelegatingConstructorAccessorImpl.java:45)
at java.lang.reflect.Constructor.newInstance(Constructor.java:408)
at org.openqa.selenium.remote.W3CHandshakeResponse.lambda$errorHandler$0(W3CHandshakeResponse.java:62)
at org.openqa.selenium.remote.W3CHandshakeResponse$$Lambda$242/1188401255.apply(Unknown Source)
at org.openqa.selenium.remote.HandshakeResponse.lambda$getResponseFunction$0(HandshakeResponse.java:30)
at org.openqa.selenium.remote.HandshakeResponse$$Lambda$237/629454893.apply(Unknown Source)
at org.openqa.selenium.remote.ProtocolHandshake.lambda$createSession$0(ProtocolHandshake.java:126)
at org.openqa.selenium.remote.ProtocolHandshake$$Lambda$238/2113604623.apply(Unknown Source)
at java.util.stream.ReferencePipeline$3$1.accept(ReferencePipeline.java:193)
at java.util.Spliterators$ArraySpliterator.tryAdvance(Spliterators.java:958)
at java.util.stream.ReferencePipeline.forEachWithCancel(ReferencePipeline.java:126)
at java.util.stream.AbstractPipeline.copyIntoWithCancel(AbstractPipeline.java:529)
at java.util.stream.AbstractPipeline.copyInto(AbstractPipeline.java:516)
at java.util.stream.AbstractPipeline.wrapAndCopyInto(AbstractPipeline.java:502)
at java.util.stream.FindOps$FindOp.evaluateSequential(FindOps.java:152)
at java.util.stream.AbstractPipeline.evaluate(AbstractPipeline.java:234)
at java.util.stream.ReferencePipeline.findFirst(ReferencePipeline.java:464)
at org.openqa.selenium.remote.ProtocolHandshake.createSession(ProtocolHandshake.java:128)
at org.openqa.selenium.remote.ProtocolHandshake.createSession(ProtocolHandshake.java:74)
at org.openqa.selenium.remote.HttpCommandExecutor.execute(HttpCommandExecutor.java:136)
at org.openqa.selenium.remote.service.DriverCommandExecutor.execute(DriverCommandExecutor.java:83)
at org.openqa.selenium.remote.RemoteWebDriver.execute(RemoteWebDriver.java:552)
at org.openqa.selenium.remote.RemoteWebDriver.startSession(RemoteWebDriver.java:213)
at org.openqa.selenium.remote.RemoteWebDriver.<init>(RemoteWebDriver.java:131)
at org.openqa.selenium.chrome.ChromeDriver.<init>(ChromeDriver.java:181)
at org.openqa.selenium.chrome.ChromeDriver.<init>(ChromeDriver.java:168)
at org.openqa.selenium.chrome.ChromeDriver.<init>(ChromeDriver.java:123)
at com.test.GoogleTest.setUp(GoogleTest.java:27)
at sun.reflect.NativeMethodAccessorImpl.invoke0(Native Method)
at sun.reflect.NativeMethodAccessorImpl.invoke(NativeMethodAccessorImpl.java:62)
at sun.reflect.DelegatingMethodAccessorImpl.invoke(DelegatingMethodAccessorImpl.java:43)
at java.lang.reflect.Method.invoke(Method.java:483)
at org.testng.internal.MethodInvocationHelper.invokeMethod(MethodInvocationHelper.java:135)
at org.testng.internal.MethodInvocationHelper.invokeMethodConsideringTimeout(MethodInvocationHelper.java:64)
at org.testng.internal.ConfigInvoker.invokeConfigurationMethod(ConfigInvoker.java:364)
at org.testng.internal.ConfigInvoker.invokeConfigurations(ConfigInvoker.java:318)
at org.testng.internal.TestMethodWorker.invokeBeforeClassMethods(TestMethodWorker.java:176)
at org.testng.internal.TestMethodWorker.run(TestMethodWorker.java:122)
at org.testng.TestRunner$$Lambda$50/1658926803.accept(Unknown Source)
at java.util.ArrayList.forEach(ArrayList.java:1249)
at org.testng.TestRunner.privateRun(TestRunner.java:767)
at org.testng.TestRunner.run(TestRunner.java:588)
at org.testng.SuiteRunner.runTest(SuiteRunner.java:384)
at org.testng.SuiteRunner.runSequentially(SuiteRunner.java:378)
at org.testng.SuiteRunner.privateRun(SuiteRunner.java:337)
at org.testng.SuiteRunner.run(SuiteRunner.java:286)
at org.testng.SuiteRunnerWorker.runSuite(SuiteRunnerWorker.java:53)
at org.testng.SuiteRunnerWorker.run(SuiteRunnerWorker.java:96)
at org.testng.TestNG.runSuitesSequentially(TestNG.java:1214)
at org.testng.TestNG.runSuitesLocally(TestNG.java:1136)
at org.testng.TestNG.runSuites(TestNG.java:1066)
at org.testng.TestNG.run(TestNG.java:1034)
at org.testng.remote.AbstractRemoteTestNG.run(AbstractRemoteTestNG.java:115)
at org.testng.remote.RemoteTestNG.initAndRun(RemoteTestNG.java:251)
at org.testng.remote.RemoteTestNG.main(RemoteTestNG.java:77)
]]>
    </failure>
  </testcase> <!-- @BeforeClass setUp -->
  <testcase name="@AfterClass tearDown" time="-1.639035942777E9" classname="com.test.GoogleTest">
    <skipped/>
  </testcase> <!-- @AfterClass tearDown -->
  <testcase name="test3" time="0.0" classname="com.test.GoogleTest">
    <skipped/>
  </testcase> <!-- test3 -->
  <testcase name="googleLogoTest" time="0.0" classname="com.test.GoogleTest">
    <skipped/>
  </testcase> <!-- googleLogoTest -->
  <testcase name="mailLinkTest" time="0.0" classname="com.test.GoogleTest">
    <skipped/>
  </testcase> <!-- mailLinkTest -->
  <testcase name="test1" time="0.0" classname="com.test.GoogleTest">
    <skipped/>
  </testcase> <!-- test1 -->
  <testcase name="test2" time="0.0" classname="com.test.GoogleTest">
    <skipped/>
  </testcase> <!-- test2 -->
  <testcase name="googleTitleTest" time="0.0" classname="com.test.GoogleTest">
    <skipped/>
  </testcase> <!-- googleTitleTest -->
</testsuite> <!-- Default test -->
