<?xml version="1.0" encoding="UTF-8"?>
<!-- Generated by org.testng.reporters.JUnitReportReporter -->
<testsuite skipped="2" hostname="LAPTOP-S0433K5K" name="com.datadriven.test.FacebookTest" tests="5" failures="0" timestamp="2020-12-04T17:35:32 IST" time="43.959" errors="1">
  <testcase name="FacebookRegTest" time="14.249" classname="com.datadriven.test.FacebookTest">
    <skipped/>
  </testcase> <!-- FacebookRegTest -->
  <system-out/>
  <testcase name="setUp" time="27.039" classname="com.datadriven.test.FacebookTest">
    <error type="org.openqa.selenium.SessionNotCreatedException" message="session not created
from chrome not reachable
  (Session info: chrome=87.0.4280.88)
Build info: version: &#039;3.141.59&#039;, revision: &#039;e82be7d358&#039;, time: &#039;2018-11-14T08:25:48&#039;
System info: host: &#039;LAPTOP-S0433K5K&#039;, ip: &#039;192.168.0.103&#039;, os.name: &#039;Windows 8.1&#039;, os.arch: &#039;amd64&#039;, os.version: &#039;6.3&#039;, java.version: &#039;1.8.0_25&#039;
Driver info: driver.version: ChromeDriver
remote stacktrace: Backtrace:
	Ordinal0 [0x005AECE3+3337443]
	Ordinal0 [0x0048F041+2158657]
	Ordinal0 [0x00316E50+618064]
	Ordinal0 [0x0030D114+577812]
	Ordinal0 [0x0030D7DB+579547]
	Ordinal0 [0x0030EA45+584261]
	Ordinal0 [0x00309A71+563825]
	Ordinal0 [0x00317FD0+622544]
	Ordinal0 [0x002B6B2D+224045]
	Ordinal0 [0x002B5BFC+220156]
	Ordinal0 [0x002B181B+202779]
	Ordinal0 [0x00293D74+81268]
	Ordinal0 [0x00294D6E+85358]
	Ordinal0 [0x00294CF9+85241]
	Ordinal0 [0x004A6F2C+2256684]
	GetHandleVerifier [0x00732FAC+1478332]
	GetHandleVerifier [0x00732AFD+1477133]
	GetHandleVerifier [0x0073AAD8+1509864]
	GetHandleVerifier [0x0073369E+1480110]
	Ordinal0 [0x0049D6BD+2217661]
	Ordinal0 [0x004A89AB+2263467]
	Ordinal0 [0x004A8AEF+2263791]
	Ordinal0 [0x004BD363+2347875]
	BaseThreadInitThunk [0x7535FA29+25]
	RtlGetAppContainerNamedObjectPath [0x771475F4+228]
	RtlGetAppContainerNamedObjectPath [0x771475C4+180]
">
      <![CDATA[org.openqa.selenium.SessionNotCreatedException: session not created
from chrome not reachable
  (Session info: chrome=87.0.4280.88)
Build info: version: '3.141.59', revision: 'e82be7d358', time: '2018-11-14T08:25:48'
System info: host: 'LAPTOP-S0433K5K', ip: '192.168.0.103', os.name: 'Windows 8.1', os.arch: 'amd64', os.version: '6.3', java.version: '1.8.0_25'
Driver info: driver.version: ChromeDriver
remote stacktrace: Backtrace:
Ordinal0 [0x005AECE3+3337443]
Ordinal0 [0x0048F041+2158657]
Ordinal0 [0x00316E50+618064]
Ordinal0 [0x0030D114+577812]
Ordinal0 [0x0030D7DB+579547]
Ordinal0 [0x0030EA45+584261]
Ordinal0 [0x00309A71+563825]
Ordinal0 [0x00317FD0+622544]
Ordinal0 [0x002B6B2D+224045]
Ordinal0 [0x002B5BFC+220156]
Ordinal0 [0x002B181B+202779]
Ordinal0 [0x00293D74+81268]
Ordinal0 [0x00294D6E+85358]
Ordinal0 [0x00294CF9+85241]
Ordinal0 [0x004A6F2C+2256684]
GetHandleVerifier [0x00732FAC+1478332]
GetHandleVerifier [0x00732AFD+1477133]
GetHandleVerifier [0x0073AAD8+1509864]
GetHandleVerifier [0x0073369E+1480110]
Ordinal0 [0x0049D6BD+2217661]
Ordinal0 [0x004A89AB+2263467]
Ordinal0 [0x004A8AEF+2263791]
Ordinal0 [0x004BD363+2347875]
BaseThreadInitThunk [0x7535FA29+25]
RtlGetAppContainerNamedObjectPath [0x771475F4+228]
RtlGetAppContainerNamedObjectPath [0x771475C4+180]

at sun.reflect.NativeConstructorAccessorImpl.newInstance0(Native Method)
at sun.reflect.NativeConstructorAccessorImpl.newInstance(NativeConstructorAccessorImpl.java:62)
at sun.reflect.DelegatingConstructorAccessorImpl.newInstance(DelegatingConstructorAccessorImpl.java:45)
at java.lang.reflect.Constructor.newInstance(Constructor.java:408)
at org.openqa.selenium.remote.W3CHandshakeResponse.lambda$errorHandler$0(W3CHandshakeResponse.java:62)
at org.openqa.selenium.remote.W3CHandshakeResponse$$Lambda$368/2044337856.apply(Unknown Source)
at org.openqa.selenium.remote.HandshakeResponse.lambda$getResponseFunction$0(HandshakeResponse.java:30)
at org.openqa.selenium.remote.HandshakeResponse$$Lambda$363/2054757222.apply(Unknown Source)
at org.openqa.selenium.remote.ProtocolHandshake.lambda$createSession$0(ProtocolHandshake.java:126)
at org.openqa.selenium.remote.ProtocolHandshake$$Lambda$364/1805443519.apply(Unknown Source)
at java.util.stream.ReferencePipeline$3$1.accept(ReferencePipeline.java:193)
at java.util.Spliterators$ArraySpliterator.tryAdvance(Spliterators.java:958)
at java.util.stream.ReferencePipeline.forEachWithCancel(ReferencePipeline.java:126)
at java.util.stream.AbstractPipeline.copyIntoWithCancel(AbstractPipeline.java:529)
at java.util.stream.AbstractPipeline.copyInto(AbstractPipeline.java:516)
at java.util.stream.AbstractPipeline.wrapAndCopyInto(AbstractPipeline.java:502)
at java.util.stream.FindOps$FindOp.evaluateSequential(FindOps.java:152)
at java.util.stream.AbstractPipeline.evaluate(AbstractPipeline.java:234)
at java.util.stream.ReferencePipeline.findFirst(ReferencePipeline.java:464)
at org.openqa.selenium.remote.ProtocolHandshake.createSession(ProtocolHandshake.java:128)
at org.openqa.selenium.remote.ProtocolHandshake.createSession(ProtocolHandshake.java:74)
at org.openqa.selenium.remote.HttpCommandExecutor.execute(HttpCommandExecutor.java:136)
at org.openqa.selenium.remote.service.DriverCommandExecutor.execute(DriverCommandExecutor.java:83)
at org.openqa.selenium.remote.RemoteWebDriver.execute(RemoteWebDriver.java:552)
at org.openqa.selenium.remote.RemoteWebDriver.startSession(RemoteWebDriver.java:213)
at org.openqa.selenium.remote.RemoteWebDriver.<init>(RemoteWebDriver.java:131)
at org.openqa.selenium.chrome.ChromeDriver.<init>(ChromeDriver.java:181)
at org.openqa.selenium.chrome.ChromeDriver.<init>(ChromeDriver.java:168)
at org.openqa.selenium.chrome.ChromeDriver.<init>(ChromeDriver.java:123)
at com.datadriven.test.FacebookTest.setUp(FacebookTest.java:22)
at sun.reflect.NativeMethodAccessorImpl.invoke0(Native Method)
at sun.reflect.NativeMethodAccessorImpl.invoke(NativeMethodAccessorImpl.java:62)
at sun.reflect.DelegatingMethodAccessorImpl.invoke(DelegatingMethodAccessorImpl.java:43)
at java.lang.reflect.Method.invoke(Method.java:483)
at org.testng.internal.MethodInvocationHelper.invokeMethod(MethodInvocationHelper.java:135)
at org.testng.internal.MethodInvocationHelper.invokeMethodConsideringTimeout(MethodInvocationHelper.java:64)
at org.testng.internal.ConfigInvoker.invokeConfigurationMethod(ConfigInvoker.java:364)
at org.testng.internal.ConfigInvoker.invokeConfigurations(ConfigInvoker.java:318)
at org.testng.internal.TestInvoker.runConfigMethods(TestInvoker.java:700)
at org.testng.internal.TestInvoker.invokeMethod(TestInvoker.java:527)
at org.testng.internal.TestInvoker.invokeTestMethod(TestInvoker.java:174)
at org.testng.internal.MethodRunner.runInSequence(MethodRunner.java:46)
at org.testng.internal.TestInvoker$MethodInvocationAgent.invoke(TestInvoker.java:821)
at org.testng.internal.TestInvoker.invokeTestMethods(TestInvoker.java:147)
at org.testng.internal.TestMethodWorker.invokeTestMethods(TestMethodWorker.java:146)
at org.testng.internal.TestMethodWorker.run(TestMethodWorker.java:128)
at org.testng.TestRunner$$Lambda$51/206835546.accept(Unknown Source)
at java.util.ArrayList.forEach(ArrayList.java:1249)
at org.testng.TestRunner.privateRun(TestRunner.java:767)
at org.testng.TestRunner.run(TestRunner.java:588)
at org.testng.SuiteRunner.runTest(SuiteRunner.java:384)
at org.testng.SuiteRunner.runSequentially(SuiteRunner.java:378)
at org.testng.SuiteRunner.privateRun(SuiteRunner.java:337)
at org.testng.SuiteRunner.run(SuiteRunner.java:286)
at org.testng.SuiteRunnerWorker.runSuite(SuiteRunnerWorker.java:53)
at org.testng.SuiteRunnerWorker.run(SuiteRunnerWorker.java:96)
at org.testng.TestNG.runSuitesSequentially(TestNG.java:1214)
at org.testng.TestNG.runSuitesLocally(TestNG.java:1136)
at org.testng.TestNG.runSuites(TestNG.java:1066)
at org.testng.TestNG.run(TestNG.java:1034)
at org.testng.remote.AbstractRemoteTestNG.run(AbstractRemoteTestNG.java:115)
at org.testng.remote.RemoteTestNG.initAndRun(RemoteTestNG.java:251)
at org.testng.remote.RemoteTestNG.main(RemoteTestNG.java:77)
]]>
    </error>
  </testcase> <!-- setUp -->
  <system-out/>
  <testcase name="FacebookRegTest" time="1.365" classname="com.datadriven.test.FacebookTest"/>
  <system-out/>
  <testcase name="FacebookRegTest" time="0.000" classname="com.datadriven.test.FacebookTest">
    <skipped/>
  </testcase> <!-- FacebookRegTest -->
  <system-out/>
  <testcase name="FacebookRegTest" time="1.306" classname="com.datadriven.test.FacebookTest"/>
  <system-out/>
</testsuite> <!-- com.datadriven.test.FacebookTest -->
