<?xml version="1.0" encoding="UTF-8"?>
<!-- Generated by org.testng.reporters.JUnitXMLReporter -->
<testsuite hostname="LAPTOP-S0433K5K" ignored="0" name="multiple" tests="6" failures="0" timestamp="2021-04-23T19:38:54 IST" time="2.65" errors="0">
  <testcase name="@BeforeMethod setUp" time="2.365" classname="com.test.GoogleTest">
    <failure type="org.openqa.selenium.SessionNotCreatedException" message="session not created: This version of ChromeDriver only supports Chrome version 85
Build info: version: &amp;apos;3.141.59&amp;apos;, revision: &amp;apos;e82be7d358&amp;apos;, time: &amp;apos;2018-11-14T08:25:48&amp;apos;
System info: host: &amp;apos;LAPTOP-S0433K5K&amp;apos;, ip: &amp;apos;192.168.0.100&amp;apos;, os.name: &amp;apos;Windows 8.1&amp;apos;, os.arch: &amp;apos;amd64&amp;apos;, os.version: &amp;apos;6.3&amp;apos;, java.version: &amp;apos;1.8.0_25&amp;apos;
Driver info: driver.version: ChromeDriver
remote stacktrace: Backtrace:
	Ordinal0 [0x00C8D383+3134339]
	Ordinal0 [0x00B7A171+2007409]
	Ordinal0 [0x00A1AEE8+569064]
	Ordinal0 [0x009A139F+70559]
	Ordinal0 [0x0099CC63+52323]
	Ordinal0 [0x009C0DFC+200188]
	Ordinal0 [0x009C0C1D+199709]
	Ordinal0 [0x009BEB0B+191243]
	Ordinal0 [0x009A2E77+77431]
	Ordinal0 [0x009A3E3E+81470]
	Ordinal0 [0x009A3DC9+81353]
	Ordinal0 [0x00B90CD9+2100441]
	GetHandleVerifier [0x00DFB75A+1396954]
	GetHandleVerifier [0x00DFB3D9+1396057]
	GetHandleVerifier [0x00E07126+1444518]
	GetHandleVerifier [0x00DFBCE8+1398376]
	Ordinal0 [0x00B87F51+2064209]
	Ordinal0 [0x00B922EB+2106091]
	Ordinal0 [0x00B92411+2106385]
	Ordinal0 [0x00BA49C4+2181572]
	BaseThreadInitThunk [0x76EEFA29+25]
	RtlGetAppContainerNamedObjectPath [0x77607A4E+286]
	RtlGetAppContainerNamedObjectPath [0x77607A1E+238]
">
      <![CDATA[org.openqa.selenium.SessionNotCreatedException: session not created: This version of ChromeDriver only supports Chrome version 85
Build info: version: '3.141.59', revision: 'e82be7d358', time: '2018-11-14T08:25:48'
System info: host: 'LAPTOP-S0433K5K', ip: '192.168.0.100', os.name: 'Windows 8.1', os.arch: 'amd64', os.version: '6.3', java.version: '1.8.0_25'
Driver info: driver.version: ChromeDriver
remote stacktrace: Backtrace:
Ordinal0 [0x00C8D383+3134339]
Ordinal0 [0x00B7A171+2007409]
Ordinal0 [0x00A1AEE8+569064]
Ordinal0 [0x009A139F+70559]
Ordinal0 [0x0099CC63+52323]
Ordinal0 [0x009C0DFC+200188]
Ordinal0 [0x009C0C1D+199709]
Ordinal0 [0x009BEB0B+191243]
Ordinal0 [0x009A2E77+77431]
Ordinal0 [0x009A3E3E+81470]
Ordinal0 [0x009A3DC9+81353]
Ordinal0 [0x00B90CD9+2100441]
GetHandleVerifier [0x00DFB75A+1396954]
GetHandleVerifier [0x00DFB3D9+1396057]
GetHandleVerifier [0x00E07126+1444518]
GetHandleVerifier [0x00DFBCE8+1398376]
Ordinal0 [0x00B87F51+2064209]
Ordinal0 [0x00B922EB+2106091]
Ordinal0 [0x00B92411+2106385]
Ordinal0 [0x00BA49C4+2181572]
BaseThreadInitThunk [0x76EEFA29+25]
RtlGetAppContainerNamedObjectPath [0x77607A4E+286]
RtlGetAppContainerNamedObjectPath [0x77607A1E+238]

at org.openqa.selenium.remote.W3CHandshakeResponse.lambda$errorHandler$0(W3CHandshakeResponse.java:62)
at org.openqa.selenium.remote.W3CHandshakeResponse$$Lambda$243/530539368.apply(Unknown Source)
at org.openqa.selenium.remote.HandshakeResponse.lambda$getResponseFunction$0(HandshakeResponse.java:30)
at org.openqa.selenium.remote.HandshakeResponse$$Lambda$238/508512860.apply(Unknown Source)
at org.openqa.selenium.remote.ProtocolHandshake.lambda$createSession$0(ProtocolHandshake.java:126)
at org.openqa.selenium.remote.ProtocolHandshake$$Lambda$239/502848122.apply(Unknown Source)
at java.util.stream.ReferencePipeline$3$1.accept(ReferencePipeline.java:193)
at java.util.Spliterators$ArraySpliterator.tryAdvance(Spliterators.java:958)
at java.util.stream.ReferencePipeline.forEachWithCancel(ReferencePipeline.java:126)
at java.util.stream.AbstractPipeline.copyIntoWithCancel(AbstractPipeline.java:529)
at java.util.stream.AbstractPipeline.copyInto(AbstractPipeline.java:516)
at java.util.stream.AbstractPipeline.wrapAndCopyInto(AbstractPipeline.java:502)
at java.util.stream.FindOps$FindOp.evaluateSequential(FindOps.java:152)
at java.util.stream.AbstractPipeline.evaluate(AbstractPipeline.java:234)
at java.util.stream.ReferencePipeline.findFirst(ReferencePipeline.java:464)
at org.openqa.selenium.remote.ProtocolHandshake.createSession(ProtocolHandshake.java:128)
at org.openqa.selenium.remote.ProtocolHandshake.createSession(ProtocolHandshake.java:74)
at org.openqa.selenium.remote.HttpCommandExecutor.execute(HttpCommandExecutor.java:136)
at org.openqa.selenium.remote.service.DriverCommandExecutor.execute(DriverCommandExecutor.java:83)
at org.openqa.selenium.remote.RemoteWebDriver.execute(RemoteWebDriver.java:552)
at org.openqa.selenium.remote.RemoteWebDriver.startSession(RemoteWebDriver.java:213)
at org.openqa.selenium.remote.RemoteWebDriver.<init>(RemoteWebDriver.java:131)
at org.openqa.selenium.chrome.ChromeDriver.<init>(ChromeDriver.java:181)
at org.openqa.selenium.chrome.ChromeDriver.<init>(ChromeDriver.java:168)
at org.openqa.selenium.chrome.ChromeDriver.<init>(ChromeDriver.java:123)
at com.test.GoogleTest.setUp(GoogleTest.java:23)
at java.util.ArrayList.forEach(ArrayList.java:1249)
... Removed 36 stack frames]]>
    </failure>
  </testcase> <!-- @BeforeMethod setUp -->
  <testcase name="@AfterMethod tearDown" time="-1.619186933889E9" classname="com.test.GoogleTest">
    <skipped/>
  </testcase> <!-- @AfterMethod tearDown -->
  <testcase name="@BeforeMethod setUp" time="-1.619186933897E9" classname="com.test.GoogleTest">
    <skipped/>
  </testcase> <!-- @BeforeMethod setUp -->
  <testcase name="@AfterMethod tearDown" time="-1.619186933957E9" classname="com.test.GoogleTest">
    <skipped/>
  </testcase> <!-- @AfterMethod tearDown -->
  <testcase name="@BeforeMethod setUp" time="-1.619186933961E9" classname="com.test.GoogleTest">
    <skipped/>
  </testcase> <!-- @BeforeMethod setUp -->
  <testcase name="@AfterMethod tearDown" time="-1.619186933981E9" classname="com.test.GoogleTest">
    <skipped/>
  </testcase> <!-- @AfterMethod tearDown -->
  <testcase name="@BeforeMethod setUp" time="-1.619186933986E9" classname="com.test.GoogleTest">
    <skipped/>
  </testcase> <!-- @BeforeMethod setUp -->
  <testcase name="@AfterMethod tearDown" time="-1.619186934008E9" classname="com.test.GoogleTest">
    <skipped/>
  </testcase> <!-- @AfterMethod tearDown -->
  <testcase name="@BeforeMethod setUp" time="-1.619186934012E9" classname="com.test.GoogleTest">
    <skipped/>
  </testcase> <!-- @BeforeMethod setUp -->
  <testcase name="@AfterMethod tearDown" time="-1.619186934027E9" classname="com.test.GoogleTest">
    <skipped/>
  </testcase> <!-- @AfterMethod tearDown -->
  <testcase name="@BeforeMethod setUp" time="-1.619186934032E9" classname="com.test.GoogleTest">
    <skipped/>
  </testcase> <!-- @BeforeMethod setUp -->
  <testcase name="@AfterMethod tearDown" time="-1.619186934064E9" classname="com.test.GoogleTest">
    <skipped/>
  </testcase> <!-- @AfterMethod tearDown -->
  <testcase name="googleLogoTest" time="0.0" classname="com.test.GoogleTest">
    <skipped/>
  </testcase> <!-- googleLogoTest -->
  <testcase name="googleTitleTest" time="0.0" classname="com.test.GoogleTest">
    <skipped/>
  </testcase> <!-- googleTitleTest -->
  <testcase name="mailLinkTest" time="0.0" classname="com.test.GoogleTest">
    <skipped/>
  </testcase> <!-- mailLinkTest -->
  <testcase name="test1" time="0.0" classname="com.test.GoogleTest">
    <skipped/>
  </testcase> <!-- test1 -->
  <testcase name="test2" time="0.0" classname="com.test.GoogleTest">
    <skipped/>
  </testcase> <!-- test2 -->
  <testcase name="test3" time="0.0" classname="com.test.GoogleTest">
    <skipped/>
  </testcase> <!-- test3 -->
</testsuite> <!-- multiple -->
