<?xml version="1.0" encoding="UTF-8"?>
<!-- Generated by org.testng.reporters.JUnitXMLReporter -->
<testsuite hostname="LAPTOP-S0433K5K" ignored="0" name="Yahoo App Test " tests="1" failures="1" timestamp="2020-05-27T21:16:57 IST" time="2.055" errors="0">
  <testcase name="yahooLoginTest" time="1.988" classname="com.parameters.ParameterTest">
    <failure type="org.openqa.selenium.SessionNotCreatedException" message="session not created: This version of ChromeDriver only supports Chrome version 80
Build info: version: &amp;apos;3.141.59&amp;apos;, revision: &amp;apos;e82be7d358&amp;apos;, time: &amp;apos;2018-11-14T08:25:48&amp;apos;
System info: host: &amp;apos;LAPTOP-S0433K5K&amp;apos;, ip: &amp;apos;192.168.99.1&amp;apos;, os.name: &amp;apos;Windows 8.1&amp;apos;, os.arch: &amp;apos;amd64&amp;apos;, os.version: &amp;apos;6.3&amp;apos;, java.version: &amp;apos;1.8.0_25&amp;apos;
Driver info: driver.version: ChromeDriver
remote stacktrace: Backtrace:
	Ordinal0 [0x00B70C83+1707139]
	Ordinal0 [0x00AD68F1+1075441]
	Ordinal0 [0x00A4DFC9+516041]
	Ordinal0 [0x009E0554+66900]
	Ordinal0 [0x009DCCE2+52450]
	Ordinal0 [0x009FBFD7+180183]
	Ordinal0 [0x009FBDDD+179677]
	Ordinal0 [0x009F9D4B+171339]
	Ordinal0 [0x009E1D4A+73034]
	Ordinal0 [0x009E2DC0+77248]
	Ordinal0 [0x009E2D59+77145]
	Ordinal0 [0x00AEBB67+1162087]
	GetHandleVerifier [0x00C0A966+508998]
	GetHandleVerifier [0x00C0A6A4+508292]
	GetHandleVerifier [0x00C1F7B7+594583]
	GetHandleVerifier [0x00C0B1D6+511158]
	Ordinal0 [0x00AE402C+1130540]
	Ordinal0 [0x00AED4CB+1168587]
	Ordinal0 [0x00AED633+1168947]
	Ordinal0 [0x00B05B35+1268533]
	BaseThreadInitThunk [0x75B86359+25]
	RtlGetAppContainerNamedObjectPath [0x77A37C24+228]
	RtlGetAppContainerNamedObjectPath [0x77A37BF4+180]
">
      <![CDATA[org.openqa.selenium.SessionNotCreatedException: session not created: This version of ChromeDriver only supports Chrome version 80
Build info: version: '3.141.59', revision: 'e82be7d358', time: '2018-11-14T08:25:48'
System info: host: 'LAPTOP-S0433K5K', ip: '192.168.99.1', os.name: 'Windows 8.1', os.arch: 'amd64', os.version: '6.3', java.version: '1.8.0_25'
Driver info: driver.version: ChromeDriver
remote stacktrace: Backtrace:
Ordinal0 [0x00B70C83+1707139]
Ordinal0 [0x00AD68F1+1075441]
Ordinal0 [0x00A4DFC9+516041]
Ordinal0 [0x009E0554+66900]
Ordinal0 [0x009DCCE2+52450]
Ordinal0 [0x009FBFD7+180183]
Ordinal0 [0x009FBDDD+179677]
Ordinal0 [0x009F9D4B+171339]
Ordinal0 [0x009E1D4A+73034]
Ordinal0 [0x009E2DC0+77248]
Ordinal0 [0x009E2D59+77145]
Ordinal0 [0x00AEBB67+1162087]
GetHandleVerifier [0x00C0A966+508998]
GetHandleVerifier [0x00C0A6A4+508292]
GetHandleVerifier [0x00C1F7B7+594583]
GetHandleVerifier [0x00C0B1D6+511158]
Ordinal0 [0x00AE402C+1130540]
Ordinal0 [0x00AED4CB+1168587]
Ordinal0 [0x00AED633+1168947]
Ordinal0 [0x00B05B35+1268533]
BaseThreadInitThunk [0x75B86359+25]
RtlGetAppContainerNamedObjectPath [0x77A37C24+228]
RtlGetAppContainerNamedObjectPath [0x77A37BF4+180]

at org.openqa.selenium.remote.W3CHandshakeResponse.lambda$errorHandler$0(W3CHandshakeResponse.java:62)
at org.openqa.selenium.remote.W3CHandshakeResponse$$Lambda$242/343812839.apply(Unknown Source)
at org.openqa.selenium.remote.HandshakeResponse.lambda$getResponseFunction$0(HandshakeResponse.java:30)
at org.openqa.selenium.remote.HandshakeResponse$$Lambda$237/1236444285.apply(Unknown Source)
at org.openqa.selenium.remote.ProtocolHandshake.lambda$createSession$0(ProtocolHandshake.java:126)
at org.openqa.selenium.remote.ProtocolHandshake$$Lambda$238/823914581.apply(Unknown Source)
at java.util.stream.ReferencePipeline$3$1.accept(ReferencePipeline.java:193)
at java.util.Spliterators$ArraySpliterator.tryAdvance(Spliterators.java:958)
at java.util.stream.ReferencePipeline.forEachWithCancel(ReferencePipeline.java:126)
at java.util.stream.AbstractPipeline.copyIntoWithCancel(AbstractPipeline.java:529)
at java.util.stream.AbstractPipeline.copyInto(AbstractPipeline.java:516)
at java.util.stream.AbstractPipeline.wrapAndCopyInto(AbstractPipeline.java:502)
at java.util.stream.FindOps$FindOp.evaluateSequential(FindOps.java:152)
at java.util.stream.AbstractPipeline.evaluate(AbstractPipeline.java:234)
at java.util.stream.ReferencePipeline.findFirst(ReferencePipeline.java:464)
at org.openqa.selenium.remote.ProtocolHandshake.createSession(ProtocolHandshake.java:128)
at org.openqa.selenium.remote.ProtocolHandshake.createSession(ProtocolHandshake.java:74)
at org.openqa.selenium.remote.HttpCommandExecutor.execute(HttpCommandExecutor.java:136)
at org.openqa.selenium.remote.service.DriverCommandExecutor.execute(DriverCommandExecutor.java:83)
at org.openqa.selenium.remote.RemoteWebDriver.execute(RemoteWebDriver.java:552)
at org.openqa.selenium.remote.RemoteWebDriver.startSession(RemoteWebDriver.java:213)
at org.openqa.selenium.remote.RemoteWebDriver.<init>(RemoteWebDriver.java:131)
at org.openqa.selenium.chrome.ChromeDriver.<init>(ChromeDriver.java:181)
at org.openqa.selenium.chrome.ChromeDriver.<init>(ChromeDriver.java:168)
at org.openqa.selenium.chrome.ChromeDriver.<init>(ChromeDriver.java:123)
at com.parameters.ParameterTest.yahooLoginTest(ParameterTest.java:29)
at java.util.ArrayList.forEach(ArrayList.java:1249)
... Removed 32 stack frames]]>
    </failure>
  </testcase> <!-- yahooLoginTest -->
</testsuite> <!-- Yahoo App Test  -->
